1586632238987	geckodriver	INFO	geckodriver 0.21.0
1586632238998	geckodriver	INFO	Listening on 127.0.0.1:53220
1586632242843	mozrunner::runner	INFO	Running command: "C:\\Program Files\\Mozilla Firefox\\firefox.exe" "-marionette" "-foreground" "-no-remote" "-profile" "C:\\Users\\Zarko\\AppData\\Local\\Temp\\rust_mozprofile.mSQzXPLt30RB"
1586632385535	geckodriver	INFO	geckodriver 0.21.0
1586632385550	geckodriver	INFO	Listening on 127.0.0.1:53256
1586632388596	mozrunner::runner	INFO	Running command: "C:\\Program Files\\Mozilla Firefox\\firefox.exe" "-marionette" "-foreground" "-no-remote" "-profile" "C:\\Users\\Zarko\\AppData\\Local\\Temp\\rust_mozprofile.Fop9tBEwXH58"
1586632389301	addons.webextension.doh-rollout@mozilla.org	WARN	Loading extension 'doh-rollout@mozilla.org': Reading manifest: Invalid extension permission: networkStatus
1586632389423	addons.webextension.screenshots@mozilla.org	WARN	Loading extension 'screenshots@mozilla.org': Reading manifest: Invalid extension permission: mozillaAddons
1586632389423	addons.webextension.screenshots@mozilla.org	WARN	Loading extension 'screenshots@mozilla.org': Reading manifest: Invalid extension permission: telemetry
1586632389423	addons.webextension.screenshots@mozilla.org	WARN	Loading extension 'screenshots@mozilla.org': Reading manifest: Invalid extension permission: resource://pdf.js/
1586632389423	addons.webextension.screenshots@mozilla.org	WARN	Loading extension 'screenshots@mozilla.org': Reading manifest: Invalid extension permission: about:reader*
1586632389526	Marionette	TRACE	Received observer notification profile-after-change
1586632389589	Marionette	TRACE	Received observer notification toplevel-window-ready
1586632389641	Marionette	TRACE	Received observer notification command-line-startup
1586632389641	Marionette	DEBUG	Init aborted (running=false, enabled=true, finalUIStartup=false)
1586632389711	Marionette	TRACE	Received observer notification toplevel-window-ready
JavaScript error: resource://gre/modules/XULStore.jsm, line 66: Error: Can't find profile directory.
1586632392012	Marionette	TRACE	Received observer notification marionette-startup-requested
1586632392013	Marionette	TRACE	Waiting until startup recorder finished recording startup scripts...
1586632392035	Marionette	TRACE	All scripts recorded.
1586632392035	Marionette	DEBUG	Setting recommended pref app.update.disabledForTesting to true
1586632392036	Marionette	DEBUG	Setting recommended pref apz.content_response_timeout to 60000
1586632392037	Marionette	DEBUG	Setting recommended pref browser.contentblocking.introCount to 99
1586632392037	Marionette	DEBUG	Setting recommended pref browser.download.panel.shown to true
1586632392038	Marionette	DEBUG	Setting recommended pref browser.newtabpage.enabled to false
1586632392038	Marionette	DEBUG	Setting recommended pref browser.pagethumbnails.capturing_disabled to true
1586632392039	Marionette	DEBUG	Setting recommended pref browser.search.update to false
1586632392040	Marionette	DEBUG	Setting recommended pref browser.tabs.disableBackgroundZombification to false
1586632392041	Marionette	DEBUG	Setting recommended pref browser.tabs.remote.separatePrivilegedContentProcess to false
1586632392041	Marionette	DEBUG	Setting recommended pref browser.tabs.unloadOnLowMemory to false
1586632392041	Marionette	DEBUG	Setting recommended pref browser.tabs.warnOnCloseOtherTabs to false
1586632392042	Marionette	DEBUG	Setting recommended pref browser.tabs.warnOnOpen to false
1586632392042	Marionette	DEBUG	Setting recommended pref browser.usedOnWindows10.introURL to 
1586632392043	Marionette	DEBUG	Setting recommended pref browser.urlbar.suggest.searches to false
1586632392043	Marionette	DEBUG	Setting recommended pref datareporting.policy.dataSubmissionPolicyAccepted to false
1586632392044	Marionette	DEBUG	Setting recommended pref dom.disable_beforeunload to true
1586632392044	Marionette	DEBUG	Setting recommended pref dom.disable_open_during_load to false
1586632392044	Marionette	DEBUG	Setting recommended pref dom.file.createInChild to true
1586632392045	Marionette	DEBUG	Setting recommended pref dom.max_chrome_script_run_time to 0
1586632392046	Marionette	DEBUG	Setting recommended pref dom.max_script_run_time to 0
1586632392046	Marionette	DEBUG	Setting recommended pref dom.push.connection.enabled to false
1586632392047	Marionette	DEBUG	Setting recommended pref extensions.getAddons.cache.enabled to false
1586632392047	Marionette	DEBUG	Setting recommended pref extensions.webservice.discoverURL to http://%(server)s/dummy/discoveryURL
1586632392047	Marionette	DEBUG	Setting recommended pref network.http.prompt-temp-redirect to false
1586632392047	Marionette	DEBUG	Setting recommended pref network.http.speculative-parallel-limit to 0
1586632392048	Marionette	DEBUG	Setting recommended pref privacy.trackingprotection.enabled to false
1586632392048	Marionette	DEBUG	Setting recommended pref security.certerrors.mitm.priming.enabled to false
1586632392048	Marionette	DEBUG	Setting recommended pref security.fileuri.strict_origin_policy to false
1586632392049	Marionette	DEBUG	Setting recommended pref security.notification_enable_delay to 0
1586632392049	Marionette	DEBUG	Setting recommended pref signon.autofillForms to false
1586632392050	Marionette	DEBUG	Setting recommended pref signon.rememberSignons to false
1586632392051	Marionette	DEBUG	Setting recommended pref toolkit.cosmeticAnimations.enabled to false
1586632392121	Marionette	INFO	Listening on port 53264
1586632392122	Marionette	DEBUG	Marionette is listening
1586632392338	Marionette	DEBUG	Accepted connection 0 from 127.0.0.1:53274
1586632392344	Marionette	DEBUG	0 -> [0,1,"WebDriver:NewSession",{"acceptInsecureCerts":true,"browserName":"firefox","capabilities":{"desiredCapabilities":{"acceptInsecureCerts":true,"browserName":"firefox"}}}]
1586632392346	Marionette	WARN	TLS certificate errors will be ignored for this session
1586632392469	Marionette	TRACE	[19] Frame script loaded
1586632392471	Marionette	TRACE	[19] Frame script registered
1586632392473	Marionette	DEBUG	0 <- [1,1,null,{"sessionId":"6b5eb305-eb76-43d4-96d5-5da4b41d65dc","capabilities":{"browserName":"firefox","browserVersion":"72.0. ... alse,"moz:webdriverClick":true,"capabilities":{"desiredCapabilities":{"acceptInsecureCerts":true,"browserName":"firefox"}}}}]
1586632392507	Marionette	DEBUG	0 -> [0,2,"WebDriver:Navigate",{"url":"https://learn.letskodeit.com/"}]
1586632392518	Marionette	TRACE	[19] Received DOM event beforeunload for about:blank
1586632393568	Marionette	TRACE	[19] Received DOM event pagehide for about:blank
1586632411620	Marionette	TRACE	[19] Received DOM event DOMContentLoaded for https://learn.letskodeit.com/
1586632417655	Marionette	TRACE	[19] Received DOM event pageshow for https://learn.letskodeit.com/
1586632417664	Marionette	DEBUG	0 <- [1,2,null,{"value":null}]
1586632417672	Marionette	DEBUG	0 -> [0,3,"WebDriver:FindElement",{"using":"link text","value":"Login"}]
1586632417704	Marionette	DEBUG	0 <- [1,3,null,{"value":{"element-6066-11e4-a52e-4f735466cecf":"9f02cdbf-4694-41a2-82b4-7adc0fade779"}}]
1586632417709	Marionette	DEBUG	0 -> [0,4,"WebDriver:ElementClick",{"id":"9f02cdbf-4694-41a2-82b4-7adc0fade779"}]
1586632417983	Marionette	DEBUG	[19] Canceled page load listener because no navigation has been detected
1586632417985	Marionette	DEBUG	0 <- [1,4,null,{"value":null}]
1586632417992	Marionette	DEBUG	0 -> [0,5,"WebDriver:FindElement",{"using":"css selector","value":"[id=\"user_email\"]"}]
1586632418004	Marionette	DEBUG	0 <- [1,5,{"error":"no such element","message":"Unable to locate element: [id=\"user_email\"]","stacktrace":"WebDriverError@chrome ... entError@chrome://marionette/content/error.js:387:5\nelement.find/</<@chrome://marionette/content/element.js:331:16\n"},null]
1586632418046	Marionette	DEBUG	0 -> [0,6,"WebDriver:FindElement",{"using":"link text","value":"Login"}]
1586632418057	Marionette	DEBUG	0 <- [1,6,null,{"value":{"element-6066-11e4-a52e-4f735466cecf":"9f02cdbf-4694-41a2-82b4-7adc0fade779"}}]
1586632418062	Marionette	DEBUG	0 -> [0,7,"WebDriver:ElementClick",{"id":"9f02cdbf-4694-41a2-82b4-7adc0fade779"}]
1586632418282	Marionette	DEBUG	[19] Canceled page load listener because no navigation has been detected
1586632418284	Marionette	DEBUG	0 <- [1,7,null,{"value":null}]
1586632418291	Marionette	DEBUG	0 -> [0,8,"WebDriver:FindElement",{"using":"css selector","value":"[id=\"user_email\"]"}]
1586632418297	Marionette	DEBUG	0 <- [1,8,{"error":"no such element","message":"Unable to locate element: [id=\"user_email\"]","stacktrace":"WebDriverError@chrome ... entError@chrome://marionette/content/error.js:387:5\nelement.find/</<@chrome://marionette/content/element.js:331:16\n"},null]
1586632418317	Marionette	DEBUG	0 -> [0,9,"Marionette:Quit",{"flags":["eForceQuit"]}]
1586632418317	Marionette	INFO	Stopped listening on port 53264
1586632418406	Marionette	TRACE	Received observer notification quit-application
1586632418421	Marionette	DEBUG	0 <- [1,9,null,{"cause":"shutdown"}]
1586632418472	Marionette	DEBUG	0 -> [0,10,"Marionette:Quit",{"flags":["eForceQuit"]}]
1586632418473	Marionette	DEBUG	0 <- [1,10,{"error":"invalid session id","message":"Tried to run command without establishing a connection","stacktrace":"WebDrive ... t@chrome://marionette/content/server.js:249:9\n_onJSONObjectReady/<@chrome://marionette/content/transport.js:501:20\n"},null]
1586632418489	Marionette	DEBUG	Closed connection 0
1586632423814	Marionette	TRACE	Received observer notification xpcom-will-shutdown
1586632423814	Marionette	DEBUG	Resetting recommended pref app.update.disabledForTesting
1586632423814	Marionette	DEBUG	Resetting recommended pref apz.content_response_timeout
1586632423814	Marionette	DEBUG	Resetting recommended pref browser.contentblocking.introCount
1586632423814	Marionette	DEBUG	Resetting recommended pref browser.download.panel.shown
1586632423814	Marionette	DEBUG	Resetting recommended pref browser.newtabpage.enabled
1586632423815	Marionette	DEBUG	Resetting recommended pref browser.pagethumbnails.capturing_disabled
1586632423815	Marionette	DEBUG	Resetting recommended pref browser.search.update
1586632423815	Marionette	DEBUG	Resetting recommended pref browser.tabs.disableBackgroundZombification
1586632423815	Marionette	DEBUG	Resetting recommended pref browser.tabs.remote.separatePrivilegedContentProcess
1586632423815	Marionette	DEBUG	Resetting recommended pref browser.tabs.unloadOnLowMemory
1586632423815	Marionette	DEBUG	Resetting recommended pref browser.tabs.warnOnCloseOtherTabs
1586632423815	Marionette	DEBUG	Resetting recommended pref browser.tabs.warnOnOpen
1586632423815	Marionette	DEBUG	Resetting recommended pref browser.usedOnWindows10.introURL
1586632423815	Marionette	DEBUG	Resetting recommended pref browser.urlbar.suggest.searches
1586632423816	Marionette	DEBUG	Resetting recommended pref datareporting.policy.dataSubmissionPolicyAccepted
1586632423816	Marionette	DEBUG	Resetting recommended pref dom.disable_beforeunload
1586632423816	Marionette	DEBUG	Resetting recommended pref dom.disable_open_during_load
1586632423816	Marionette	DEBUG	Resetting recommended pref dom.file.createInChild
1586632423816	Marionette	DEBUG	Resetting recommended pref dom.max_chrome_script_run_time
1586632423816	Marionette	DEBUG	Resetting recommended pref dom.max_script_run_time
1586632423817	Marionette	DEBUG	Resetting recommended pref dom.push.connection.enabled
1586632423817	Marionette	DEBUG	Resetting recommended pref extensions.getAddons.cache.enabled
1586632423817	Marionette	DEBUG	Resetting recommended pref extensions.webservice.discoverURL
1586632423817	Marionette	DEBUG	Resetting recommended pref network.http.prompt-temp-redirect
1586632423817	Marionette	DEBUG	Resetting recommended pref network.http.speculative-parallel-limit
1586632423817	Marionette	DEBUG	Resetting recommended pref privacy.trackingprotection.enabled
1586632423817	Marionette	DEBUG	Resetting recommended pref security.certerrors.mitm.priming.enabled
1586632423817	Marionette	DEBUG	Resetting recommended pref security.fileuri.strict_origin_policy
1586632423817	Marionette	DEBUG	Resetting recommended pref security.notification_enable_delay
1586632423817	Marionette	DEBUG	Resetting recommended pref signon.autofillForms
1586632423817	Marionette	DEBUG	Resetting recommended pref signon.rememberSignons
1586632423818	Marionette	DEBUG	Resetting recommended pref toolkit.cosmeticAnimations.enabled
1586632423818	Marionette	DEBUG	Marionette stopped listening

###!!! [Child][RunMessage] Error: Channel closing: too late to send/recv, messages will be lost


###!!! [Child][MessageChannel::SendAndWait] Error: Channel error: cannot send/recv

[2020-04-11T19:13:45Z ERROR bitsdownload::bits_interface::monitor] Unable to dispatch to thread: NS_ERROR_ILLEGAL_DURING_SHUTDOWN
