1585776396056	geckodriver	INFO	geckodriver 0.21.0
1585776396067	geckodriver	INFO	Listening on 127.0.0.1:54961
1585776399158	mozrunner::runner	INFO	Running command: "C:\\Program Files\\Mozilla Firefox\\firefox.exe" "-marionette" "-foreground" "-no-remote" "-profile" "C:\\Users\\Zarko\\AppData\\Local\\Temp\\rust_mozprofile.nrLIVgBqgjlE"
1585776403463	addons.webextension.screenshots@mozilla.org	WARN	Loading extension 'screenshots@mozilla.org': Reading manifest: Invalid extension permission: mozillaAddons
1585776403464	addons.webextension.screenshots@mozilla.org	WARN	Loading extension 'screenshots@mozilla.org': Reading manifest: Invalid extension permission: resource://pdf.js/
1585776403488	addons.webextension.screenshots@mozilla.org	WARN	Loading extension 'screenshots@mozilla.org': Reading manifest: Invalid extension permission: about:reader*
1585776403778	Marionette	TRACE	Received observer notification profile-after-change
1585776404281	Marionette	TRACE	Received observer notification toplevel-window-ready
1585776404362	Marionette	TRACE	Received observer notification command-line-startup
1585776404363	Marionette	TRACE	Received observer notification nsPref:changed
1585776404363	Marionette	DEBUG	Init aborted (running=false, enabled=true, finalUIStartup=false)
1585776405575	Marionette	TRACE	Received observer notification toplevel-window-ready
1585776413466	Marionette	TRACE	Received observer notification sessionstore-windows-restored
1585776413466	Marionette	TRACE	GFX sanity window detected, waiting until it has been closed...
1585776418237	Marionette	TRACE	Received observer notification domwindowclosed
1585776418237	Marionette	TRACE	Waiting until startup recorder finished recording startup scripts...
[Parent 16212, Gecko_IOThread] WARNING: pipe error: 109: file z:/build/build/src/ipc/chromium/src/chrome/common/ipc_channel_win.cc, line 332
[Child 12276, Chrome_ChildThread] WARNING: pipe error: 109: file z:/build/build/src/ipc/chromium/src/chrome/common/ipc_channel_win.cc, line 332
[Parent 16212, Gecko_IOThread] WARNING: file z:/build/build/src/ipc/chromium/src/base/process_util_win.cc, line 166
1585776420072	Marionette	TRACE	All scripts recorded.
1585776420073	Marionette	DEBUG	Setting recommended pref app.update.disabledForTesting to true
1585776420073	Marionette	DEBUG	Setting recommended pref apz.content_response_timeout to 60000
1585776420073	Marionette	DEBUG	Setting recommended pref browser.contentblocking.introCount to 99
1585776420073	Marionette	DEBUG	Setting recommended pref browser.download.panel.shown to true
1585776420073	Marionette	DEBUG	Setting recommended pref browser.newtabpage.enabled to false
1585776420075	Marionette	DEBUG	Setting recommended pref browser.pagethumbnails.capturing_disabled to true
1585776420076	Marionette	DEBUG	Setting recommended pref browser.search.update to false
1585776420076	Marionette	DEBUG	Setting recommended pref browser.tabs.disableBackgroundZombification to false
1585776420077	Marionette	DEBUG	Setting recommended pref browser.tabs.warnOnCloseOtherTabs to false
1585776420077	Marionette	DEBUG	Setting recommended pref browser.tabs.warnOnOpen to false
1585776420077	Marionette	DEBUG	Setting recommended pref browser.usedOnWindows10.introURL to 
1585776420077	Marionette	DEBUG	Setting recommended pref browser.urlbar.suggest.searches to false
1585776420079	Marionette	DEBUG	Setting recommended pref datareporting.policy.dataSubmissionPolicyAccepted to false
1585776420079	Marionette	DEBUG	Setting recommended pref dom.disable_beforeunload to true
1585776420079	Marionette	DEBUG	Setting recommended pref dom.disable_open_during_load to false
1585776420079	Marionette	DEBUG	Setting recommended pref dom.file.createInChild to true
1585776420079	Marionette	DEBUG	Setting recommended pref dom.max_chrome_script_run_time to 0
1585776420079	Marionette	DEBUG	Setting recommended pref dom.max_script_run_time to 0
1585776420080	Marionette	DEBUG	Setting recommended pref extensions.getAddons.cache.enabled to false
1585776420080	Marionette	DEBUG	Setting recommended pref extensions.webservice.discoverURL to http://%(server)s/dummy/discoveryURL
1585776420081	Marionette	DEBUG	Setting recommended pref network.http.prompt-temp-redirect to false
1585776420081	Marionette	DEBUG	Setting recommended pref network.http.speculative-parallel-limit to 0
1585776420081	Marionette	DEBUG	Setting recommended pref security.fileuri.strict_origin_policy to false
1585776420081	Marionette	DEBUG	Setting recommended pref security.notification_enable_delay to 0
1585776420081	Marionette	DEBUG	Setting recommended pref signon.autofillForms to false
1585776420082	Marionette	DEBUG	Setting recommended pref signon.rememberSignons to false
1585776420082	Marionette	DEBUG	Setting recommended pref toolkit.cosmeticAnimations.enabled to false
1585776421083	Marionette	INFO	Listening on port 54971
1585776421083	Marionette	DEBUG	Remote service is active
1585776421299	Marionette	DEBUG	Accepted connection 0 from 127.0.0.1:55016
1585776421352	Marionette	DEBUG	0 -> [0,1,"WebDriver:NewSession",{"acceptInsecureCerts":true,"browserName":"firefox","capabilities":{"desiredCapabilities":{"acceptInsecureCerts":true,"browserName":"firefox"}}}]
1585776421353	Marionette	WARN	TLS certificate errors will be ignored for this session
1585776421413	Marionette	TRACE	[6442450945] Frame script loaded
1585776421415	Marionette	TRACE	[6442450945] Frame script registered
1585776421419	Marionette	DEBUG	0 <- [1,1,null,{"sessionId":"6c105c7f-83e2-41d3-9132-a992eac590df","capabilities":{"browserName":"firefox","browserVersion":"66.0. ... alse,"moz:webdriverClick":true,"capabilities":{"desiredCapabilities":{"acceptInsecureCerts":true,"browserName":"firefox"}}}}]
1585776421570	Marionette	DEBUG	0 -> [0,2,"WebDriver:MaximizeWindow",{}]
1585776421838	Marionette	DEBUG	0 <- [1,2,null,{"x":-7,"y":-7,"width":1550,"height":838}]
1585776421964	Marionette	DEBUG	0 -> [0,3,"WebDriver:SetTimeouts",{"implicit":5000}]
1585776421966	Marionette	DEBUG	0 <- [1,3,null,{"value":null}]
1585776421976	Marionette	DEBUG	0 -> [0,4,"WebDriver:Navigate",{"url":"https://eu.puma.com/de/en/pd/puma-x-sonic-leadcat-youth-sandals/372342.html?dwvar_372342_color=02"}]
1585776421995	Marionette	TRACE	[6442450945] Received DOM event beforeunload for about:blank
1585776423147	Marionette	TRACE	[6442450945] Received DOM event pagehide for about:blank
1585776430298	Marionette	TRACE	[6442450945] Received DOM event DOMContentLoaded for https://eu.puma.com/de/en/pd/puma-x-sonic-leadcat-youth-sandals/372342.html?dwvar_372342_color=02
1585776441994	Marionette	TRACE	[6442450945] Received DOM event pageshow for https://eu.puma.com/de/en/pd/puma-x-sonic-leadcat-youth-sandals/372342.html?dwvar_372342_color=02
1585776441996	Marionette	DEBUG	0 <- [1,4,null,{"value":null}]
1585776442020	Marionette	DEBUG	0 -> [0,5,"WebDriver:FindElement",{"using":"xpath","value":"//puma-swatches[@id='puma-swatches-size']"}]
1585776442172	Marionette	DEBUG	0 <- [1,5,null,{"value":{"element-6066-11e4-a52e-4f735466cecf":"fbcedc32-82d6-4200-b829-ae6ce5444dfa"}}]
1585776442175	Marionette	DEBUG	0 -> [0,6,"WebDriver:FindElement",{"using":"css selector","value":"[id=\"swatch-0280\"]"}]
1585776447188	Marionette	DEBUG	0 <- [1,6,{"error":"no such element","message":"Unable to locate element: [id=\"swatch-0280\"]","stacktrace":"WebDriverError@chrom ... entError@chrome://marionette/content/error.js:389:5\nelement.find/</<@chrome://marionette/content/element.js:339:16\n"},null]
1585776447251	Marionette	DEBUG	Closed connection 0
[Parent 16212, Gecko_IOThread] WARNING: pipe error: 109: file z:/build/build/src/ipc/chromium/src/chrome/common/ipc_channel_win.cc, line 332
[Child 8812, Chrome_ChildThread] WARNING: pipe error: 109: file z:/build/build/src/ipc/chromium/src/chrome/common/ipc_channel_win.cc, line 332
[Child 8812, Chrome_ChildThread] WARNING: pipe error: 109: file z:/build/buil[Parent 16212, Gecko_IOThread] WARNING: pipe error: 109: file z:/build/build/src/ipc/chromium/src/chrome/common/ipc_channel_win.cc, line 332
[Child 17300, Chrome_ChildThread] WARNING: pipe error: 109: file z:/build/build/src/ipc/chromium/src/chrome/common/ipc_channel_win.cc, line 332
[Child 17300, ChroIPDL protocol error: Handler returned error code!

###!!! [Parent][DispatchAsyncMessage] Error: PLayerTransaction::Msg_ReleaseLayer Processing error: message was deserialized, but the handler returned false (indicating failure)

[Parent 16212, Gecko_IOThread] WARNING: pipe error: 109: file z:/build/build/src/ipc/chromium/src/chrome/common/ipc_channel_win.cc, line 332
[Child 14160, Chrome_ChildThread] WARNING: pipe error: 109: file z:/build/build/src/ipc/chromium/src/chrome/common/ipc_channel_win.cc, line 332
[Child 141601585776457372	Marionette	TRACE	Received observer notification xpcom-will-shutdown
1585776457372	Marionette	DEBUG	Resetting recommended pref app.update.disabledForTesting
1585776457372	Marionette	DEBUG	Resetting recommended pref apz.content_response_timeout
1585776457372	Marionette	DEBUG	Resetting recommended pref browser.contentblocking.introCount
1585776457372	Marionette	DEBUG	Resetting recommended pref browser.download.panel.shown
1585776457373	Marionette	DEBUG	Resetting recommended pref browser.newtabpage.enabled
1585776457373	Marionette	DEBUG	Resetting recommended pref browser.pagethumbnails.capturing_disabled
1585776457373	Marionette	DEBUG	Resetting recommended pref browser.search.update
1585776457373	Marionette	DEBUG	Resetting recommended pref browser.tabs.disableBackgroundZombification
1585776457373	Marionette	DEBUG	Resetting recommended pref browser.tabs.warnOnCloseOtherTabs
1585776457373	Marionette	DEBUG	Resetting recommended pref browser.tabs.warnOnOpen
1585776457373	Marionette	DEBUG	Resetting recommended pref browser.usedOnWindows10.introURL
1585776457373	Marionette	DEBUG	Resetting recommended pref browser.urlbar.suggest.searches
1585776457374	Marionette	DEBUG	Resetting recommended pref datareporting.policy.dataSubmissionPolicyAccepted
1585776457374	Marionette	DEBUG	Resetting recommended pref dom.disable_beforeunload
1585776457374	Marionette	DEBUG	Resetting recommended pref dom.disable_open_during_load
1585776457374	Marionette	DEBUG	Resetting recommended pref dom.file.createInChild
1585776457374	Marionette	DEBUG	Resetting recommended pref dom.max_chrome_script_run_time
1585776457374	Marionette	DEBUG	Resetting recommended pref dom.max_script_run_time
1585776457375	Marionette	DEBUG	Resetting recommended pref extensions.getAddons.cache.enabled
1585776457375	Marionette	DEBUG	Resetting recommended pref extensions.webservice.discoverURL
1585776457375	Marionette	DEBUG	Resetting recommended pref network.http.prompt-temp-redirect
1585776457375	Marionette	DEBUG	Resetting recommended pref network.http.speculative-parallel-limit
1585776457375	Marionette	DEBUG	Resetting recommended pref security.fileuri.strict_origin_policy
1585776457375	Marionette	DEBUG	Resetting recommended pref security.notification_enable_delay
1585776457375	Marionette	DEBUG	Resetting recommended pref signon.autofillForms
1585776457375	Marionette	DEBUG	Resetting recommended pref signon.rememberSignons
1585776457375	Marionette	DEBUG	Resetting recommended pref toolkit.cosmeticAnimations.enabled
1585776457376	Marionette	INFO	Stopped listening on port 54971
1585776457376	Marionette	DEBUG	Remote service is inactive

###!!! [Child][RunMessage] Error: Channel closing: too late to send/recv, messages will be lost

[GPU JavaScript error: resource://gre/modules/osfile/osfile_async_front.jsm, line 404: Error: OS.File has been shut down. Rejecting post to stat
1585776514228	geckodriver	INFO	geckodriver 0.21.0
1585776514240	geckodriver	INFO	Listening on 127.0.0.1:55237
1585776517212	mozrunner::runner	INFO	Running command: "C:\\Program Files\\Mozilla Firefox\\firefox.exe" "-marionette" "-foreground" "-no-remote" "-profile" "C:\\Users\\Zarko\\AppData\\Local\\Temp\\rust_mozprofile.HRTXhkWKo1F2"
1585776518981	addons.webextension.screenshots@mozilla.org	WARN	Loading extension 'screenshots@mozilla.org': Reading manifest: Invalid extension permission: mozillaAddons
1585776518981	addons.webextension.screenshots@mozilla.org	WARN	Loading extension 'screenshots@mozilla.org': Reading manifest: Invalid extension permission: resource://pdf.js/
1585776518981	addons.webextension.screenshots@mozilla.org	WARN	Loading extension 'screenshots@mozilla.org': Reading manifest: Invalid extension permission: about:reader*
1585776519116	Marionette	TRACE	Received observer notification profile-after-change
1585776519886	Marionette	TRACE	Received observer notification toplevel-window-ready
1585776519944	Marionette	TRACE	Received observer notification command-line-startup
1585776519945	Marionette	TRACE	Received observer notification nsPref:changed
1585776519945	Marionette	DEBUG	Init aborted (running=false, enabled=true, finalUIStartup=false)
1585776520760	Marionette	TRACE	Received observer notification toplevel-window-ready
[Parent 10140, Gecko_IOThread] WARNING: pipe error: 109: file z:/build/build/src/ipc/chromium/src/chrome/common/ipc_channel_win.cc, line 332

###!!! [Child][MessageChannel] Error: (msgtype=0x350115,name=PContent::Msg_AsyncMessage) Channel closing: too late to send/recv, messages will be lost

[Child 11844, Chrome_ChildThread] WARNING: pipe error: 109: file z:/build/build/src/ipc/chromium/src/chrome/common/ipc_channel_win.cc, line 332
JavaScript error: resource://gre/modules/ExtensionProcessScript.jsm, line 324: NS_ERROR_UNEXPECTED: 

###!!! [Child][RunMessage] Error: Channel closing: too late to send/recv, messages will be lost

1585776522733	Marionette	TRACE	Received observer notification sessionstore-windows-restored
1585776522734	Marionette	TRACE	Waiting until startup recorder finished recording startup scripts...
1585776522848	Marionette	TRACE	All scripts recorded.
1585776522848	Marionette	DEBUG	Setting recommended pref app.update.disabledForTesting to true
1585776522848	Marionette	DEBUG	Setting recommended pref apz.content_response_timeout to 60000
1585776522848	Marionette	DEBUG	Setting recommended pref browser.contentblocking.introCount to 99
1585776522849	Marionette	DEBUG	Setting recommended pref browser.download.panel.shown to true
1585776522849	Marionette	DEBUG	Setting recommended pref browser.newtabpage.enabled to false
1585776522849	Marionette	DEBUG	Setting recommended pref browser.pagethumbnails.capturing_disabled to true
1585776522850	Marionette	DEBUG	Setting recommended pref browser.search.update to false
1585776522850	Marionette	DEBUG	Setting recommended pref browser.tabs.disableBackgroundZombification to false
1585776522851	Marionette	DEBUG	Setting recommended pref browser.tabs.warnOnCloseOtherTabs to false
1585776522851	Marionette	DEBUG	Setting recommended pref browser.tabs.warnOnOpen to false
1585776522851	Marionette	DEBUG	Setting recommended pref browser.usedOnWindows10.introURL to 
1585776522851	Marionette	DEBUG	Setting recommended pref browser.urlbar.suggest.searches to false
1585776522851	Marionette	DEBUG	Setting recommended pref datareporting.policy.dataSubmissionPolicyAccepted to false
1585776522852	Marionette	DEBUG	Setting recommended pref dom.disable_beforeunload to true
1585776522852	Marionette	DEBUG	Setting recommended pref dom.disable_open_during_load to false
1585776522852	Marionette	DEBUG	Setting recommended pref dom.file.createInChild to true
1585776522852	Marionette	DEBUG	Setting recommended pref dom.max_chrome_script_run_time to 0
1585776522852	Marionette	DEBUG	Setting recommended pref dom.max_script_run_time to 0
1585776522853	Marionette	DEBUG	Setting recommended pref extensions.getAddons.cache.enabled to false
1585776522853	Marionette	DEBUG	Setting recommended pref extensions.webservice.discoverURL to http://%(server)s/dummy/discoveryURL
1585776522853	Marionette	DEBUG	Setting recommended pref network.http.prompt-temp-redirect to false
1585776522853	Marionette	DEBUG	Setting recommended pref network.http.speculative-parallel-limit to 0
1585776522853	Marionette	DEBUG	Setting recommended pref security.fileuri.strict_origin_policy to false
1585776522854	Marionette	DEBUG	Setting recommended pref security.notification_enable_delay to 0
1585776522854	Marionette	DEBUG	Setting recommended pref signon.autofillForms to false
1585776522883	Marionette	DEBUG	Setting recommended pref signon.rememberSignons to false
1585776522884	Marionette	DEBUG	Setting recommended pref toolkit.cosmeticAnimations.enabled to false
1585776522955	Marionette	INFO	Listening on port 55248
1585776522955	Marionette	DEBUG	Remote service is active
1585776523456	Marionette	DEBUG	Accepted connection 0 from 127.0.0.1:55263
1585776523458	Marionette	DEBUG	0 -> [0,1,"WebDriver:NewSession",{"acceptInsecureCerts":true,"browserName":"firefox","capabilities":{"desiredCapabilities":{"acceptInsecureCerts":true,"browserName":"firefox"}}}]
1585776523459	Marionette	WARN	TLS certificate errors will be ignored for this session
1585776523513	Marionette	TRACE	[6442450945] Frame script loaded
1585776523515	Marionette	TRACE	[6442450945] Frame script registered
1585776523517	Marionette	DEBUG	0 <- [1,1,null,{"sessionId":"2a13c160-153e-40d9-b724-48885ffabb4e","capabilities":{"browserName":"firefox","browserVersion":"66.0. ... alse,"moz:webdriverClick":true,"capabilities":{"desiredCapabilities":{"acceptInsecureCerts":true,"browserName":"firefox"}}}}]
1585776523555	Marionette	DEBUG	0 -> [0,2,"WebDriver:MaximizeWindow",{}]
1585776523820	Marionette	DEBUG	0 <- [1,2,null,{"x":-7,"y":-7,"width":1550,"height":838}]
1585776523822	Marionette	DEBUG	0 -> [0,3,"WebDriver:SetTimeouts",{"implicit":5000}]
1585776523822	Marionette	DEBUG	0 <- [1,3,null,{"value":null}]
1585776523825	Marionette	DEBUG	0 -> [0,4,"WebDriver:Navigate",{"url":"https://eu.puma.com/de/en/pd/puma-x-sonic-leadcat-youth-sandals/372342.html?dwvar_372342_color=02"}]
1585776523839	Marionette	TRACE	[6442450945] Received DOM event beforeunload for about:blank
1585776524793	Marionette	TRACE	[6442450945] Received DOM event pagehide for about:blank
1585776529420	Marionette	TRACE	[6442450945] Received DOM event DOMContentLoaded for https://eu.puma.com/de/en/pd/puma-x-sonic-leadcat-youth-sandals/372342.html?dwvar_372342_color=02
1585776658754	Marionette	TRACE	[6442450945] Received DOM event beforeunload for https://eu.puma.com/de/en/pd/puma-x-sonic-leadcat-youth-sandals/372342.html?dwvar_372342_color=02
1585776658789	Marionette	TRACE	Received DOM event unload for [object XULDocument]
1585776658802	Marionette	TRACE	Received observer notification message-manager-disconnect
1585776658813	Marionette	TRACE	[6442450945] Received DOM event unload for https://eu.puma.com/de/en/pd/puma-x-sonic-leadcat-youth-sandals/372342.html?dwvar_372342_color=02
1585776658851	Marionette	TRACE	[6442450945] Received observer notification outer-window-destroyed
1585776658853	Marionette	TRACE	[6442450945] Received observer notification outer-window-destroyed
1585776658853	Marionette	DEBUG	0 <- [1,4,null,{"value":null}]
1585776658983	Marionette	DEBUG	0 -> [0,5,"WebDriver:FindElement",{"using":"xpath","value":"//puma-swatches[@id='puma-swatches-size']"}]
1585776658984	Marionette	DEBUG	0 <- [1,5,{"error":"no such window","message":"Browsing context has been discarded","stacktrace":"WebDriverError@chrome://marionet ... et@chrome://marionette/content/server.js:235:8\n_onJSONObjectReady/<@chrome://marionette/content/transport.js:493:9\n"},null]
[Parent 10140, Gecko_IOThread] WARNING: pipe error: 109: file z:/build/build/src/ipc/chromium/src/chrome/common/ipc_channel_win.cc, line 332
[Parent 10140, Gecko_IOThread] WARNING: pipe error: 109: file z:/build/build/src/ipc/chromium/src/chrome/common/ipc_channel_win.cc, line 332
[Child 15912, Chrome_ChildThread] WARNING: pipe error: 109: file z:/build/build/src/ipc/chromium/src/chrome/common/ipc_channel_win.cc, line 332
[Child 15912, Chrome_ChildThread] WARNING: pipe error: 109: file z:/build/build/src/ipc/chromium/src/chrome/common/ipc_channel_win.cc, line 332
1585776659015	Marionette	DEBUG	Closed connection 0
[Parent 10140, Gecko_IOThread] WARNING: pipe error: 109: file z:/build/build/src/ipc/chromium/src/chrome/common/ipc_channel_win.cc, line 332
[Child 4624, Chrome_ChildThread] WARNING: pipe error: 109: file z:/build/build/src/ipc/chromium/src/chrome/common/ipc_channel_win.cc, line 332
[Child 4621585776660817	Marionette	TRACE	Received observer notification xpcom-will-shutdown
1585776660818	Marionette	DEBUG	Resetting recommended pref app.update.disabledForTesting
1585776660818	Marionette	DEBUG	Resetting recommended pref apz.content_response_timeout
1585776660818	Marionette	DEBUG	Resetting recommended pref browser.contentblocking.introCount
1585776660818	Marionette	DEBUG	Resetting recommended pref browser.download.panel.shown
1585776660819	Marionette	DEBUG	Resetting recommended pref browser.newtabpage.enabled
1585776660819	Marionette	DEBUG	Resetting recommended pref browser.pagethumbnails.capturing_disabled
1585776660819	Marionette	DEBUG	Resetting recommended pref browser.search.update
1585776660819	Marionette	DEBUG	Resetting recommended pref browser.tabs.disableBackgroundZombification
1585776660819	Marionette	DEBUG	Resetting recommended pref browser.tabs.warnOnCloseOtherTabs
1585776660820	Marionette	DEBUG	Resetting recommended pref browser.tabs.warnOnOpen
1585776660820	Marionette	DEBUG	Resetting recommended pref browser.usedOnWindows10.introURL
1585776660820	Marionette	DEBUG	Resetting recommended pref browser.urlbar.suggest.searches
1585776660820	Marionette	DEBUG	Resetting recommended pref datareporting.policy.dataSubmissionPolicyAccepted
1585776660820	Marionette	DEBUG	Resetting recommended pref dom.disable_beforeunload
1585776660821	Marionette	DEBUG	Resetting recommended pref dom.disable_open_during_load
1585776660821	Marionette	DEBUG	Resetting recommended pref dom.file.createInChild
1585776660821	Marionette	DEBUG	Resetting recommended pref dom.max_chrome_script_run_time
1585776660821	Marionette	DEBUG	Resetting recommended pref dom.max_script_run_time
1585776660821	Marionette	DEBUG	Resetting recommended pref extensions.getAddons.cache.enabled
1585776660821	Marionette	DEBUG	Resetting recommended pref extensions.webservice.discoverURL
1585776660821	Marionette	DEBUG	Resetting recommended pref network.http.prompt-temp-redirect
1585776660821	Marionette	DEBUG	Resetting recommended pref network.http.speculative-parallel-limit
1585776660821	Marionette	DEBUG	Resetting recommended pref security.fileuri.strict_origin_policy
1585776660821	Marionette	DEBUG	Resetting recommended pref security.notification_enable_delay
1585776660821	Marionette	DEBUG	Resetting recommended pref signon.autofillForms
1585776660821	Marionette	DEBUG	Resetting recommended pref signon.rememberSignons
1585776660822	Marionette	DEBUG	Resetting recommended pref toolkit.cosmeticAnimations.enabled
1585776660822	Marionette	INFO	Stopped listening on port 55248
1585776660822	Marionette	DEBUG	Remote service is inactive

###!!! [Child][RunMessage] Error: Channel closing: too late to send/recv, messages will be lost

[GP
###!!! [Child][MessageChannel::SendAndWait] Error: Channel error: cannot send/recv

